Build started 12/5/2015 9:49:52 PM.
     1>Project "C:\Users\Sam\Documents\GitHub\CSE167SchulzeSystem\Cube.vcxproj" on node 2 (Build target(s)).
     1>ClCompile:
         C:\Program Files (x86)\Microsoft Visual Studio 12.0\VC\bin\CL.exe /c /I"C:\glut\Glut-3.7.6-bin" /Ic:\libs\glut /ZI /nologo /W3 /WX- /Od /Oy- /D WIN32 /D _DEBUG /D _CONSOLE /Gm /EHsc /RTC1 /MDd /GS /fp:precise /Zc:wchar_t /Zc:forScope /Fo"Debug\\" /Fd"Debug\vc120.pdb" /Gd /TP /analyze- /errorReport:prompt Sphere.cpp
         Sphere.cpp
       Link:
         C:\Program Files (x86)\Microsoft Visual Studio 12.0\VC\bin\link.exe /ERRORREPORT:PROMPT /OUT:"Debug\Cube.exe" /INCREMENTAL /NOLOGO /LIBPATH:"C:\glut\Glut-3.7.6-bin" /LIBPATH:c:\libs\glut kernel32.lib user32.lib gdi32.lib winspool.lib comdlg32.lib advapi32.lib shell32.lib ole32.lib oleaut32.lib uuid.lib odbc32.lib odbccp32.lib /MANIFEST /MANIFESTUAC:"level='asInvoker' uiAccess='false'" /manifest:embed /DEBUG /PDB:"Debug\Cube.pdb" /SUBSYSTEM:CONSOLE /TLBID:1 /DYNAMICBASE /NXCOMPAT /IMPLIB:"Debug\Cube.lib" /MACHINE:X86 /SAFESEH Debug\BezierCurve.obj
         Debug\DirectionalLight.obj
         Debug\Geode.obj
         Debug\GLee.obj
         Debug\Group.obj
         Debug\House.obj
         Debug\main.obj
         Debug\Camera.obj
         Debug\Color.obj
         Debug\Cube.obj
         Debug\Light.obj
         Debug\Material.obj
         Debug\Matrix4.obj
         Debug\Drawable.obj
         Debug\DrawData.obj
         Debug\MatrixTransform.obj
         Debug\Node.obj
         Debug\PointLight.obj
         Debug\Rasterizer.obj
         Debug\Robot.obj
         Debug\Shader.obj
         Debug\Skybox.obj
         Debug\SolarSystem.obj
         Debug\SpotLight.obj
         Debug\Sphere.obj
         Debug\Texture.obj
         Debug\UpdateData.obj
         Debug\Vector3.obj
         Debug\Vector4.obj
         Debug\Window.obj
         Debug\Globals.obj
         Debug\MathTestBench.obj
         Debug\OBJObject.obj
         Cube.vcxproj -> C:\Users\Sam\Documents\GitHub\CSE167SchulzeSystem\Debug\Cube.exe
     1>Done Building Project "C:\Users\Sam\Documents\GitHub\CSE167SchulzeSystem\Cube.vcxproj" (Build target(s)).

Build succeeded.

Time Elapsed 00:00:01.35
